{
  meta: {
    req: {
      url: '/user/login',
      headers: {
        'content-type': 'application/json',
        'user-agent': 'PostmanRuntime/7.36.1',
        accept: '*/*',
        'postman-token': 'e99132b5-1bb0-4923-8bfd-392354d43ee4',
        host: 'localhost:1234',
        'accept-encoding': 'gzip, deflate, br',
        connection: 'keep-alive',
        'content-length': '54',
        cookie: 'udemy_express=eyJhbGciOiJIUzI1NiIsInR5cCI6IkpXVCJ9.eyJpZCI6MSwibWFpbCI6Im5hbWR2IiwiaWF0IjoxNzA2NTAzMjMzfQ.9iea0zz7D28vPjQb5zpn8DJrlFwEf_gFoHmBMWAJVeE'
      },
      method: 'POST',
      httpVersion: '1.1',
      originalUrl: '/user/login',
      query: {},
      body: { mail: 'namdv', password: 'Ssv@123456' }
    },
    res: { statusCode: 200, body: 'Đăng nhập thành công' },
    responseTime: 182
  },
  level: 'info',
  message: 'HTTP POST /user/login',
  timestamp: '2024-01-29T08:08:00.954Z'
}
{
  meta: {
    req: {
      url: '/user/checkLogin',
      headers: {
        'user-agent': 'PostmanRuntime/7.36.1',
        accept: '*/*',
        'postman-token': '8e55d9f1-500e-418b-beb5-0e1e5e5ea271',
        host: 'localhost:1234',
        'accept-encoding': 'gzip, deflate, br',
        connection: 'keep-alive',
        cookie: 'udemy_express=eyJhbGciOiJIUzI1NiIsInR5cCI6IkpXVCJ9.eyJpZCI6MSwibWFpbCI6Im5hbWR2IiwiaWF0IjoxNzA2NTE1NjgwfQ.1JLacyEZLCCC9rEXvLSGiFvlLvcdoa7YIt_3GEcET9o'
      },
      method: 'GET',
      httpVersion: '1.1',
      originalUrl: '/user/checkLogin',
      query: {}
    },
    res: { statusCode: 401, body: 'Thông tin đăng nhập không chính xác!!!' },
    responseTime: 4
  },
  level: 'info',
  message: 'HTTP GET /user/checkLogin',
  timestamp: '2024-01-29T08:11:06.750Z'
}
{
  meta: {
    req: {
      url: '/user/login',
      headers: {
        'content-type': 'application/json',
        'user-agent': 'PostmanRuntime/7.36.1',
        accept: '*/*',
        'postman-token': '31a64209-1d1b-482c-93d6-84c1b47f3afa',
        host: 'localhost:1234',
        'accept-encoding': 'gzip, deflate, br',
        connection: 'keep-alive',
        'content-length': '54',
        cookie: 'udemy_express=eyJhbGciOiJIUzI1NiIsInR5cCI6IkpXVCJ9.eyJpZCI6MSwibWFpbCI6Im5hbWR2IiwiaWF0IjoxNzA2NTE1NjgwfQ.1JLacyEZLCCC9rEXvLSGiFvlLvcdoa7YIt_3GEcET9o'
      },
      method: 'POST',
      httpVersion: '1.1',
      originalUrl: '/user/login',
      query: {},
      body: { mail: 'namdv', password: 'Ssv@123456' }
    },
    res: { statusCode: 200, body: 'Đăng nhập thành công' },
    responseTime: 191
  },
  level: 'info',
  message: 'HTTP POST /user/login',
  timestamp: '2024-01-29T08:12:01.383Z'
}
{
  meta: {
    req: {
      url: '/user/checkLogin',
      headers: {
        'user-agent': 'PostmanRuntime/7.36.1',
        accept: '*/*',
        'postman-token': '5b845977-cb6e-45f7-9d68-f83a71136a05',
        host: 'localhost:1234',
        'accept-encoding': 'gzip, deflate, br',
        connection: 'keep-alive',
        cookie: 'udemy_express=eyJhbGciOiJIUzI1NiIsInR5cCI6IkpXVCJ9.eyJpZCI6MSwibWFpbCI6Im5hbWR2IiwiaWF0IjoxNzA2NTE1OTIxfQ.aTjNHrpQETsPev-rUanYRsJeTd9iFmb-eBgWKgSpExM'
      },
      method: 'GET',
      httpVersion: '1.1',
      originalUrl: '/user/checkLogin',
      query: {}
    },
    res: { statusCode: 401, body: 'Thông tin đăng nhập không chính xác!!!' },
    responseTime: 1
  },
  level: 'info',
  message: 'HTTP GET /user/checkLogin',
  timestamp: '2024-01-29T08:12:03.848Z'
}
{
  meta: {
    req: {
      url: '/user/checkLogin',
      headers: {
        'user-agent': 'PostmanRuntime/7.36.1',
        accept: '*/*',
        'postman-token': 'e546f599-9504-48cf-b783-4b72b3a8e690',
        host: 'localhost:1234',
        'accept-encoding': 'gzip, deflate, br',
        connection: 'keep-alive',
        cookie: 'udemy_express=eyJhbGciOiJIUzI1NiIsInR5cCI6IkpXVCJ9.eyJpZCI6MSwibWFpbCI6Im5hbWR2IiwiaWF0IjoxNzA2NTE1OTIxfQ.aTjNHrpQETsPev-rUanYRsJeTd9iFmb-eBgWKgSpExM'
      },
      method: 'GET',
      httpVersion: '1.1',
      originalUrl: '/user/checkLogin',
      query: {}
    },
    res: { statusCode: 401, body: 'Thông tin đăng nhập không chính xác!!!' },
    responseTime: 5
  },
  level: 'info',
  message: 'HTTP GET /user/checkLogin',
  timestamp: '2024-01-29T08:12:37.372Z'
}
{
  meta: {
    req: {
      url: '/user/checkLogin',
      headers: {
        'user-agent': 'PostmanRuntime/7.36.1',
        accept: '*/*',
        'postman-token': 'aec4de1f-6b59-444e-931c-af2545d38934',
        host: 'localhost:1234',
        'accept-encoding': 'gzip, deflate, br',
        connection: 'keep-alive',
        cookie: 'udemy_express=eyJhbGciOiJIUzI1NiIsInR5cCI6IkpXVCJ9.eyJpZCI6MSwibWFpbCI6Im5hbWR2IiwiaWF0IjoxNzA2NTE1OTIxfQ.aTjNHrpQETsPev-rUanYRsJeTd9iFmb-eBgWKgSpExM'
      },
      method: 'GET',
      httpVersion: '1.1',
      originalUrl: '/user/checkLogin',
      query: {}
    },
    res: { statusCode: 401, body: 'Thông tin đăng nhập không chính xác!!!' },
    responseTime: 4
  },
  level: 'info',
  message: 'HTTP GET /user/checkLogin',
  timestamp: '2024-01-29T08:13:19.988Z'
}
{
  meta: {
    req: {
      url: '/user/checkLogin',
      headers: {
        'user-agent': 'PostmanRuntime/7.36.1',
        accept: '*/*',
        'postman-token': 'c0f693c3-9010-4bbe-8715-f69e7a56dafa',
        host: 'localhost:1234',
        'accept-encoding': 'gzip, deflate, br',
        connection: 'keep-alive',
        cookie: 'udemy_express=eyJhbGciOiJIUzI1NiIsInR5cCI6IkpXVCJ9.eyJpZCI6MSwibWFpbCI6Im5hbWR2IiwiaWF0IjoxNzA2NTE1OTIxfQ.aTjNHrpQETsPev-rUanYRsJeTd9iFmb-eBgWKgSpExM'
      },
      method: 'GET',
      httpVersion: '1.1',
      originalUrl: '/user/checkLogin',
      query: {}
    },
    res: { statusCode: 401, body: 'Thông tin đăng nhập không chính xác!!!' },
    responseTime: 4
  },
  level: 'info',
  message: 'HTTP GET /user/checkLogin',
  timestamp: '2024-01-29T08:14:15.784Z'
}
{
  meta: {
    req: {
      url: '/user/checkLogin',
      headers: {
        'user-agent': 'PostmanRuntime/7.36.1',
        accept: '*/*',
        'postman-token': '7404330e-f6c4-4bc8-a140-d072b50d015c',
        host: 'localhost:1234',
        'accept-encoding': 'gzip, deflate, br',
        connection: 'keep-alive',
        cookie: 'udemy_express=eyJhbGciOiJIUzI1NiIsInR5cCI6IkpXVCJ9.eyJpZCI6MSwibWFpbCI6Im5hbWR2IiwiaWF0IjoxNzA2NTE1OTIxfQ.aTjNHrpQETsPev-rUanYRsJeTd9iFmb-eBgWKgSpExM'
      },
      method: 'GET',
      httpVersion: '1.1',
      originalUrl: '/user/checkLogin',
      query: {}
    },
    res: { statusCode: 401, body: 'Thông tin đăng nhập không chính xác!!!' },
    responseTime: 13
  },
  level: 'info',
  message: 'HTTP GET /user/checkLogin',
  timestamp: '2024-01-29T08:14:35.636Z'
}
{
  meta: {
    req: {
      url: '/user/checkLogin',
      headers: {
        'user-agent': 'PostmanRuntime/7.36.1',
        accept: '*/*',
        'postman-token': 'cbd0ef47-e46f-47b3-a9bf-a3269e4bb1b9',
        host: 'localhost:1234',
        'accept-encoding': 'gzip, deflate, br',
        connection: 'keep-alive',
        cookie: 'udemy_express=eyJhbGciOiJIUzI1NiIsInR5cCI6IkpXVCJ9.eyJpZCI6MSwibWFpbCI6Im5hbWR2IiwiaWF0IjoxNzA2NTE1OTIxfQ.aTjNHrpQETsPev-rUanYRsJeTd9iFmb-eBgWKgSpExM'
      },
      method: 'GET',
      httpVersion: '1.1',
      originalUrl: '/user/checkLogin',
      query: {}
    },
    res: { statusCode: 200, body: 'check login success' },
    responseTime: 163
  },
  level: 'info',
  message: 'HTTP GET /user/checkLogin',
  timestamp: '2024-01-29T08:16:40.809Z'
}
{
  meta: {
    req: {
      url: '/user/login',
      headers: {
        'content-type': 'application/json',
        'user-agent': 'PostmanRuntime/7.36.1',
        accept: '*/*',
        'postman-token': '498539a1-fc7f-4e79-817a-3240547142cb',
        host: 'localhost:1234',
        'accept-encoding': 'gzip, deflate, br',
        connection: 'keep-alive',
        'content-length': '54',
        cookie: 'udemy_express=eyJhbGciOiJIUzI1NiIsInR5cCI6IkpXVCJ9.eyJpZCI6MSwibWFpbCI6Im5hbWR2IiwiaWF0IjoxNzA2NjY1NTExfQ.fTWuwVa1aR6j9upy4U6WYxo9QQce1pdQW6JAg4rVTbc'
      },
      method: 'POST',
      httpVersion: '1.1',
      originalUrl: '/user/login',
      query: {},
      body: { mail: 'namdv', password: 'Ssv@123456' }
    },
    res: { statusCode: 200, body: 'Đăng nhập thành công' },
    responseTime: 204
  },
  level: 'info',
  message: 'HTTP POST /user/login',
  timestamp: '2024-01-31T06:11:37.781Z'
}
